Power Analyzer report for SCOMP
Mon Nov 16 13:43:30 2020
Quartus Prime Version 19.1.0 Build 670 09/22/2019 SJ Lite Edition


---------------------
; Table of Contents ;
---------------------
  1. Legal Notice
  2. Parallel Compilation
  3. Power Analyzer Summary
  4. Power Analyzer Settings
  5. Indeterminate Toggle Rates
  6. Operating Conditions Used
  7. Thermal Power Dissipation by Block
  8. Thermal Power Dissipation by Block Type
  9. Thermal Power Dissipation by Hierarchy
 10. Core Dynamic Thermal Power Dissipation by Clock Domain
 11. Current Drawn from Voltage Supplies Summary
 12. VCCIO Supply Current Drawn by I/O Bank
 13. VCCIO Supply Current Drawn by Voltage
 14. Confidence Metric Details
 15. Signal Activities
 16. Power Analyzer Messages



----------------
; Legal Notice ;
----------------
Copyright (C) 2019  Intel Corporation. All rights reserved.
Your use of Intel Corporation's design tools, logic functions 
and other software and tools, and any partner logic 
functions, and any output files from any of the foregoing 
(including device programming or simulation files), and any 
associated documentation or information are expressly subject 
to the terms and conditions of the Intel Program License 
Subscription Agreement, the Intel Quartus Prime License Agreement,
the Intel FPGA IP License Agreement, or other applicable license
agreement, including, without limitation, that your use is for
the sole purpose of programming logic devices manufactured by
Intel and sold by Intel or its authorized distributors.  Please
refer to the applicable agreement for further details, at
https://fpgasoftware.intel.com/eula.



+------------------------------------------+
; Parallel Compilation                     ;
+----------------------------+-------------+
; Processors                 ; Number      ;
+----------------------------+-------------+
; Number detected on machine ; 4           ;
; Maximum allowed            ; 2           ;
;                            ;             ;
; Average used               ; 1.16        ;
; Maximum used               ; 2           ;
;                            ;             ;
; Usage by Processor         ; % Time Used ;
;     Processor 1            ; 100.0%      ;
;     Processor 2            ;  16.0%      ;
+----------------------------+-------------+


+-------------------------------------------------------------------------------------------+
; Power Analyzer Summary                                                                    ;
+----------------------------------------+--------------------------------------------------+
; Power Analyzer Status                  ; Successful - Mon Nov 16 13:43:30 2020            ;
; Quartus Prime Version                  ; 19.1.0 Build 670 09/22/2019 SJ Lite Edition      ;
; Revision Name                          ; SCOMP                                            ;
; Top-level Entity Name                  ; SCOMP_System                                     ;
; Family                                 ; MAX 10                                           ;
; Device                                 ; 10M50DAF484C7G                                   ;
; Power Models                           ; Final                                            ;
; Total Thermal Power Dissipation        ; 182.64 mW                                        ;
; Core Dynamic Thermal Power Dissipation ; 9.13 mW                                          ;
; Core Static Thermal Power Dissipation  ; 96.53 mW                                         ;
; I/O Thermal Power Dissipation          ; 76.98 mW                                         ;
; Power Estimation Confidence            ; Low: user provided insufficient toggle rate data ;
+----------------------------------------+--------------------------------------------------+


+--------------------------------------------------------------------------------------------------------------------------+
; Power Analyzer Settings                                                                                                  ;
+------------------------------------------------------------------+---------------------------------------+---------------+
; Option                                                           ; Setting                               ; Default Value ;
+------------------------------------------------------------------+---------------------------------------+---------------+
; Maximum processors allowed for parallel compilation              ; All                                   ;               ;
; Use smart compilation                                            ; Off                                   ; Off           ;
; Enable parallel Assembler and Timing Analyzer during compilation ; On                                    ; On            ;
; Enable compact report table                                      ; Off                                   ; Off           ;
; Preset Cooling Solution                                          ; 23 MM HEAT SINK WITH 200 LFPM AIRFLOW ;               ;
; Board thermal model                                              ; None (CONSERVATIVE)                   ;               ;
; Default Power Toggle Rate                                        ; 12.5%                                 ; 12.5%         ;
; Default Power Input I/O Toggle Rate                              ; 12.5%                                 ; 12.5%         ;
; Use vectorless estimation                                        ; On                                    ; On            ;
; Use Input Files                                                  ; Off                                   ; Off           ;
; Filter Glitches in VCD File Reader                               ; On                                    ; On            ;
; Power Analyzer Report Signal Activity                            ; Off                                   ; Off           ;
; Power Analyzer Report Power Dissipation                          ; Off                                   ; Off           ;
; Device Power Characteristics                                     ; TYPICAL                               ; TYPICAL       ;
; Automatically Compute Junction Temperature                       ; On                                    ; On            ;
; Specified Junction Temperature                                   ; 25                                    ; 25            ;
; Ambient Temperature                                              ; 25                                    ; 25            ;
; Use Custom Cooling Solution                                      ; Off                                   ; Off           ;
; Board Temperature                                                ; 25                                    ; 25            ;
+------------------------------------------------------------------+---------------------------------------+---------------+


+------------------------------------------------------------------------------------------------------------------------------+
; Indeterminate Toggle Rates                                                                                                   ;
+------------------------------------------------------------------------------------------------+-----------------------------+
; Node                                                                                           ; Reason                      ;
+------------------------------------------------------------------------------------------------+-----------------------------+
; PLL_main:inst1|altpll:altpll_component|PLL_main_altpll:auto_generated|wire_pll1_clk[0]         ; No valid clock domain found ;
; GSENSOR_SDI                                                                                    ; No valid clock domain found ;
; GSENSOR_SCLK                                                                                   ; No valid clock domain found ;
; SW[5]                                                                                          ; No valid clock domain found ;
; SW[4]                                                                                          ; No valid clock domain found ;
; SW[3]                                                                                          ; No valid clock domain found ;
; SW[2]                                                                                          ; No valid clock domain found ;
; KEY0                                                                                           ; No valid clock domain found ;
; SW[1]                                                                                          ; No valid clock domain found ;
; KEY1                                                                                           ; No valid clock domain found ;
; SW[0]                                                                                          ; No valid clock domain found ;
; SW[6]                                                                                          ; No valid clock domain found ;
; SW[7]                                                                                          ; No valid clock domain found ;
; SW[8]                                                                                          ; No valid clock domain found ;
; SW[9]                                                                                          ; No valid clock domain found ;
; clock_50                                                                                       ; No valid clock domain found ;
; clk_div:inst5|clock_10Hz~clkctrl                                                               ; No valid clock domain found ;
; clk_div:inst5|clock_100kHz~clkctrl                                                             ; No valid clock domain found ;
; I2C_INTERFACE:inst13|i2c_master:inst|data_clk~clkctrl                                          ; No valid clock domain found ;
; clk_div:inst5|clock_10kHz~clkctrl                                                              ; No valid clock domain found ;
; IO_DECODER:inst3|WAVE_EN~clkctrl                                                               ; No valid clock domain found ;
; clk_div:inst5|clock_4Hz~clkctrl                                                                ; No valid clock domain found ;
; clk_div:inst5|clock_1MHz~clkctrl                                                               ; No valid clock domain found ;
; IO_DECODER:inst3|DP_EN~clkctrl                                                                 ; No valid clock domain found ;
; IO_DECODER:inst3|HEX1_EN~clkctrl                                                               ; No valid clock domain found ;
; IO_DECODER:inst3|SWITCH_EN~clkctrl                                                             ; No valid clock domain found ;
; IO_DECODER:inst3|HEX0_EN~clkctrl                                                               ; No valid clock domain found ;
; IO_DECODER:inst3|LED_EN~clkctrl                                                                ; No valid clock domain found ;
; I2C_INTERFACE:inst13|inst13~clkctrl                                                            ; No valid clock domain found ;
; I2C_INTERFACE:inst13|inst12~clkctrl                                                            ; No valid clock domain found ;
; PLL_main:inst1|altpll:altpll_component|PLL_main_altpll:auto_generated|wire_pll1_clk[0]~clkctrl ; No valid clock domain found ;
; Wave_Gen:inst14|process_1~0clkctrl                                                             ; No valid clock domain found ;
; IO_DECODER:inst3|KEY_EN~clkctrl                                                                ; No valid clock domain found ;
; I2C_INTERFACE:inst13|i2c_ctrl:inst14|data_out[7]~1clkctrl                                      ; No valid clock domain found ;
+------------------------------------------------------------------------------------------------+-----------------------------+


+-------------------------------------------------------------------------+
; Operating Conditions Used                                               ;
+---------------------------------------------+---------------------------+
; Setting                                     ; Value                     ;
+---------------------------------------------+---------------------------+
; Device power characteristics                ; Typical                   ;
;                                             ;                           ;
; Voltages                                    ;                           ;
;     VCC                                     ; 1.20 V                    ;
;     VCCA                                    ; 2.50 V                    ;
;     VCCD_PLL                                ; 1.20 V                    ;
;     VCCINT                                  ; 1.20 V                    ;
;     VCCA_ADC                                ; 2.50 V                    ;
;     3.3-V LVTTL I/O Standard                ; 3.3 V                     ;
;     3.3 V Schmitt Trigger I/O Standard      ; 3.3 V                     ;
;                                             ;                           ;
; Auto computed junction temperature          ; 26.5 degrees Celsius      ;
;     Ambient temperature                     ; 25.0 degrees Celsius      ;
;     Junction-to-Case thermal resistance     ; 4.70 degrees Celsius/Watt ;
;     Case-to-Heat Sink thermal resistance    ; 0.10 degrees Celsius/Watt ;
;     Heat Sink-to-Ambient thermal resistance ; 3.50 degrees Celsius/Watt ;
;                                             ;                           ;
; Board model used                            ; None                      ;
+---------------------------------------------+---------------------------+


+----------------------------------------------------------------------------------------------------------------------------------------------+
; Thermal Power Dissipation by Block                                                                                                           ;
+------------+------------+---------------------+-----------------------------+--------------------------------+-------------------------------+
; Block Name ; Block Type ; Total Thermal Power ; Block Thermal Dynamic Power ; Block Thermal Static Power (1) ; Routing Thermal Dynamic Power ;
+------------+------------+---------------------+-----------------------------+--------------------------------+-------------------------------+
(1) The "Thermal Power Dissipation by Block" Table has been hidden. To show this table, please select the "Write power dissipation by block to report file" option under "PowerPlay Power Analyzer Settings".


+--------------------------------------------------------------------------------------------------------------------------------------------------------------------------------------------------------------------+
; Thermal Power Dissipation by Block Type                                                                                                                                                                            ;
+---------------------+-----------------------------------+-----------------------------+--------------------------------+-------------------------------+-----------------------------------------------------------+
; Block Type          ; Total Thermal Power by Block Type ; Block Thermal Dynamic Power ; Block Thermal Static Power (1) ; Routing Thermal Dynamic Power ; Block Average Toggle Rate (millions of transitions / sec) ;
+---------------------+-----------------------------------+-----------------------------+--------------------------------+-------------------------------+-----------------------------------------------------------+
; JTAG                ; 0.00 mW                           ; 0.00 mW                     ; --                             ; 0.00 mW                       ;    6.875                                                  ;
; M9K                 ; 4.80 mW                           ; 4.74 mW                     ; --                             ; 0.06 mW                       ;    0.551                                                  ;
; Combinational cell  ; 0.12 mW                           ; 0.10 mW                     ; --                             ; 0.02 mW                       ;    0.311                                                  ;
; Clock control block ; 3.31 mW                           ; 0.00 mW                     ; --                             ; 3.31 mW                       ;    2.000                                                  ;
; Register cell       ; 0.89 mW                           ; 0.33 mW                     ; --                             ; 0.56 mW                       ;    0.522                                                  ;
; I/O                 ; 4.22 mW                           ; 0.31 mW                     ; 3.91 mW                        ; 0.00 mW                       ;    0.327                                                  ;
+---------------------+-----------------------------------+-----------------------------+--------------------------------+-------------------------------+-----------------------------------------------------------+
(1) The "Block Thermal Static Power" for all block types except Pins and the Voltage Regulator, if one exists, is part of the "Core Static Thermal Power Dissipation" value found on the PowerPlay Power Analyzer-->Summary report panel. The "Core Static Thermal Power Dissipation" also contains the thermal static power dissipated by the routing.


+------------------------------------------------------------------------------------------------------------------------------------------------------------------------------------------------------------------------------------------------------------------------------------------------------------------------------------------------------------------------------------------------------------------------------------------------------------------------------------------------------------------------------------------------------------------------------------------------------------------------------------------------------+
; Thermal Power Dissipation by Hierarchy                                                                                                                                                                                                                                                                                                                                                                                                                                                                                                                                                                                                               ;
+------------------------------------------------------------------------------------------------------------------------------------------+--------------------------------------+---------------------------------+-----------------------------------+-----------------------------------+----------------------------------------------------------------------------------------------------------------------------------------------------------------------------------------------------------------------------------------------------------------------------------------------------------------------------------------------------------+
; Compilation Hierarchy Node                                                                                                               ; Total Thermal Power by Hierarchy (1) ; Block Thermal Dynamic Power (1) ; Block Thermal Static Power (1)(2) ; Routing Thermal Dynamic Power (1) ; Full Hierarchy Name                                                                                                                                                                                                                                                                                                                                      ;
+------------------------------------------------------------------------------------------------------------------------------------------+--------------------------------------+---------------------------------+-----------------------------------+-----------------------------------+----------------------------------------------------------------------------------------------------------------------------------------------------------------------------------------------------------------------------------------------------------------------------------------------------------------------------------------------------------+
; |SCOMP_System                                                                                                                            ; 13.35 mW (6.89 mW)                   ; 5.48 mW (0.31 mW)               ; 3.91 mW (3.91 mW)                 ; 3.96 mW (2.67 mW)                 ; |SCOMP_System                                                                                                                                                                                                                                                                                                                                            ;
;     |hard_block:auto_generated_inst                                                                                                      ; 0.00 mW (0.00 mW)                    ; 0.00 mW (0.00 mW)               ; --                                ; 0.00 mW (0.00 mW)                 ; |SCOMP_System|hard_block:auto_generated_inst                                                                                                                                                                                                                                                                                                             ;
;     |sld_hub:auto_hub                                                                                                                    ; 0.16 mW (0.00 mW)                    ; 0.10 mW (0.00 mW)               ; --                                ; 0.07 mW (0.00 mW)                 ; |SCOMP_System|sld_hub:auto_hub                                                                                                                                                                                                                                                                                                                           ;
;         |alt_sld_fab_with_jtag_input:\instrumentation_fabric_with_node_gen:fabric_gen_new_way:with_jtag_input_gen:instrumentation_fabric ; 0.16 mW (0.00 mW)                    ; 0.10 mW (0.00 mW)               ; --                                ; 0.07 mW (0.00 mW)                 ; |SCOMP_System|sld_hub:auto_hub|alt_sld_fab_with_jtag_input:\instrumentation_fabric_with_node_gen:fabric_gen_new_way:with_jtag_input_gen:instrumentation_fabric                                                                                                                                                                                           ;
;             |alt_sld_fab:instrumentation_fabric                                                                                          ; 0.16 mW (0.00 mW)                    ; 0.10 mW (0.00 mW)               ; --                                ; 0.07 mW (0.00 mW)                 ; |SCOMP_System|sld_hub:auto_hub|alt_sld_fab_with_jtag_input:\instrumentation_fabric_with_node_gen:fabric_gen_new_way:with_jtag_input_gen:instrumentation_fabric|alt_sld_fab:instrumentation_fabric                                                                                                                                                        ;
;                 |alt_sld_fab_alt_sld_fab:alt_sld_fab                                                                                     ; 0.16 mW (0.00 mW)                    ; 0.10 mW (0.00 mW)               ; --                                ; 0.07 mW (0.00 mW)                 ; |SCOMP_System|sld_hub:auto_hub|alt_sld_fab_with_jtag_input:\instrumentation_fabric_with_node_gen:fabric_gen_new_way:with_jtag_input_gen:instrumentation_fabric|alt_sld_fab:instrumentation_fabric|alt_sld_fab_alt_sld_fab:alt_sld_fab                                                                                                                    ;
;                     |alt_sld_fab_alt_sld_fab_sldfabric:sldfabric                                                                         ; 0.16 mW (0.00 mW)                    ; 0.09 mW (0.00 mW)               ; --                                ; 0.06 mW (0.00 mW)                 ; |SCOMP_System|sld_hub:auto_hub|alt_sld_fab_with_jtag_input:\instrumentation_fabric_with_node_gen:fabric_gen_new_way:with_jtag_input_gen:instrumentation_fabric|alt_sld_fab:instrumentation_fabric|alt_sld_fab_alt_sld_fab:alt_sld_fab|alt_sld_fab_alt_sld_fab_sldfabric:sldfabric                                                                        ;
;                         |sld_jtag_hub:\jtag_hub_gen:real_sld_jtag_hub                                                                    ; 0.16 mW (0.12 mW)                    ; 0.09 mW (0.06 mW)               ; --                                ; 0.06 mW (0.06 mW)                 ; |SCOMP_System|sld_hub:auto_hub|alt_sld_fab_with_jtag_input:\instrumentation_fabric_with_node_gen:fabric_gen_new_way:with_jtag_input_gen:instrumentation_fabric|alt_sld_fab:instrumentation_fabric|alt_sld_fab_alt_sld_fab:alt_sld_fab|alt_sld_fab_alt_sld_fab_sldfabric:sldfabric|sld_jtag_hub:\jtag_hub_gen:real_sld_jtag_hub                           ;
;                             |sld_rom_sr:hub_info_reg                                                                                     ; 0.02 mW (0.02 mW)                    ; 0.01 mW (0.01 mW)               ; --                                ; 0.00 mW (0.00 mW)                 ; |SCOMP_System|sld_hub:auto_hub|alt_sld_fab_with_jtag_input:\instrumentation_fabric_with_node_gen:fabric_gen_new_way:with_jtag_input_gen:instrumentation_fabric|alt_sld_fab:instrumentation_fabric|alt_sld_fab_alt_sld_fab:alt_sld_fab|alt_sld_fab_alt_sld_fab_sldfabric:sldfabric|sld_jtag_hub:\jtag_hub_gen:real_sld_jtag_hub|sld_rom_sr:hub_info_reg   ;
;                             |sld_shadow_jsm:shadow_jsm                                                                                   ; 0.02 mW (0.02 mW)                    ; 0.02 mW (0.02 mW)               ; --                                ; 0.01 mW (0.01 mW)                 ; |SCOMP_System|sld_hub:auto_hub|alt_sld_fab_with_jtag_input:\instrumentation_fabric_with_node_gen:fabric_gen_new_way:with_jtag_input_gen:instrumentation_fabric|alt_sld_fab:instrumentation_fabric|alt_sld_fab_alt_sld_fab:alt_sld_fab|alt_sld_fab_alt_sld_fab_sldfabric:sldfabric|sld_jtag_hub:\jtag_hub_gen:real_sld_jtag_hub|sld_shadow_jsm:shadow_jsm ;
;         |sld_jtag_interface_mod:\jtag_interface_mod_gen:device_family_mod_inst                                                           ; 0.00 mW (0.00 mW)                    ; 0.00 mW (0.00 mW)               ; --                                ; 0.00 mW (0.00 mW)                 ; |SCOMP_System|sld_hub:auto_hub|sld_jtag_interface_mod:\jtag_interface_mod_gen:device_family_mod_inst                                                                                                                                                                                                                                                     ;
;     |sld_signaltap:auto_signaltap_0                                                                                                      ; 6.29 mW (0.00 mW)                    ; 5.07 mW (0.00 mW)               ; --                                ; 1.22 mW (0.00 mW)                 ; |SCOMP_System|sld_signaltap:auto_signaltap_0                                                                                                                                                                                                                                                                                                             ;
;         |sld_jtag_endpoint_adapter:\gen_jtag_signal_adapter:jtag_signal_adapter                                                          ; 0.00 mW (0.00 mW)                    ; 0.00 mW (0.00 mW)               ; --                                ; 0.00 mW (0.00 mW)                 ; |SCOMP_System|sld_signaltap:auto_signaltap_0|sld_jtag_endpoint_adapter:\gen_jtag_signal_adapter:jtag_signal_adapter                                                                                                                                                                                                                                      ;
;         |sld_signaltap_impl:sld_signaltap_body                                                                                           ; 6.29 mW (0.00 mW)                    ; 5.07 mW (0.00 mW)               ; --                                ; 1.22 mW (0.00 mW)                 ; |SCOMP_System|sld_signaltap:auto_signaltap_0|sld_signaltap_impl:sld_signaltap_body                                                                                                                                                                                                                                                                       ;
;             |sld_signaltap_implb:sld_signaltap_body                                                                                      ; 6.29 mW (0.69 mW)                    ; 5.07 mW (0.04 mW)               ; --                                ; 1.22 mW (0.66 mW)                 ; |SCOMP_System|sld_signaltap:auto_signaltap_0|sld_signaltap_impl:sld_signaltap_body|sld_signaltap_implb:sld_signaltap_body                                                                                                                                                                                                                                ;
;                 |sld_offload_buffer_mgr:\stp_non_zero_depth_offload_gen:stp_offload_buff_mgr_inst                                        ; 0.57 mW (0.01 mW)                    ; 0.14 mW (0.00 mW)               ; --                                ; 0.43 mW (0.00 mW)                 ; |SCOMP_System|sld_signaltap:auto_signaltap_0|sld_signaltap_impl:sld_signaltap_body|sld_signaltap_implb:sld_signaltap_body|sld_offload_buffer_mgr:\stp_non_zero_depth_offload_gen:stp_offload_buff_mgr_inst                                                                                                                                               ;
;                     |lpm_counter:\adv_point_3_and_more:advance_pointer_counter                                                           ; 0.01 mW (0.00 mW)                    ; 0.01 mW (0.00 mW)               ; --                                ; 0.00 mW (0.00 mW)                 ; |SCOMP_System|sld_signaltap:auto_signaltap_0|sld_signaltap_impl:sld_signaltap_body|sld_signaltap_implb:sld_signaltap_body|sld_offload_buffer_mgr:\stp_non_zero_depth_offload_gen:stp_offload_buff_mgr_inst|lpm_counter:\adv_point_3_and_more:advance_pointer_counter                                                                                     ;
;                         |cntr_4rh:auto_generated                                                                                         ; 0.01 mW (0.01 mW)                    ; 0.01 mW (0.01 mW)               ; --                                ; 0.00 mW (0.00 mW)                 ; |SCOMP_System|sld_signaltap:auto_signaltap_0|sld_signaltap_impl:sld_signaltap_body|sld_signaltap_implb:sld_signaltap_body|sld_offload_buffer_mgr:\stp_non_zero_depth_offload_gen:stp_offload_buff_mgr_inst|lpm_counter:\adv_point_3_and_more:advance_pointer_counter|cntr_4rh:auto_generated                                                             ;
;                     |lpm_shiftreg:info_data_shift_out                                                                                    ; 0.04 mW (0.04 mW)                    ; 0.04 mW (0.04 mW)               ; --                                ; 0.00 mW (0.00 mW)                 ; |SCOMP_System|sld_signaltap:auto_signaltap_0|sld_signaltap_impl:sld_signaltap_body|sld_signaltap_implb:sld_signaltap_body|sld_offload_buffer_mgr:\stp_non_zero_depth_offload_gen:stp_offload_buff_mgr_inst|lpm_shiftreg:info_data_shift_out                                                                                                              ;
;                     |lpm_shiftreg:ram_data_shift_out                                                                                     ; 0.03 mW (0.03 mW)                    ; 0.02 mW (0.02 mW)               ; --                                ; 0.00 mW (0.00 mW)                 ; |SCOMP_System|sld_signaltap:auto_signaltap_0|sld_signaltap_impl:sld_signaltap_body|sld_signaltap_implb:sld_signaltap_body|sld_offload_buffer_mgr:\stp_non_zero_depth_offload_gen:stp_offload_buff_mgr_inst|lpm_shiftreg:ram_data_shift_out                                                                                                               ;
;                     |lpm_counter:read_pointer_counter                                                                                    ; 0.43 mW (0.00 mW)                    ; 0.01 mW (0.00 mW)               ; --                                ; 0.42 mW (0.00 mW)                 ; |SCOMP_System|sld_signaltap:auto_signaltap_0|sld_signaltap_impl:sld_signaltap_body|sld_signaltap_implb:sld_signaltap_body|sld_offload_buffer_mgr:\stp_non_zero_depth_offload_gen:stp_offload_buff_mgr_inst|lpm_counter:read_pointer_counter                                                                                                              ;
;                         |cntr_6mi:auto_generated                                                                                         ; 0.43 mW (0.43 mW)                    ; 0.01 mW (0.01 mW)               ; --                                ; 0.42 mW (0.42 mW)                 ; |SCOMP_System|sld_signaltap:auto_signaltap_0|sld_signaltap_impl:sld_signaltap_body|sld_signaltap_implb:sld_signaltap_body|sld_offload_buffer_mgr:\stp_non_zero_depth_offload_gen:stp_offload_buff_mgr_inst|lpm_counter:read_pointer_counter|cntr_6mi:auto_generated                                                                                      ;
;                     |lpm_counter:status_advance_pointer_counter                                                                          ; 0.01 mW (0.00 mW)                    ; 0.01 mW (0.00 mW)               ; --                                ; 0.00 mW (0.00 mW)                 ; |SCOMP_System|sld_signaltap:auto_signaltap_0|sld_signaltap_impl:sld_signaltap_body|sld_signaltap_implb:sld_signaltap_body|sld_offload_buffer_mgr:\stp_non_zero_depth_offload_gen:stp_offload_buff_mgr_inst|lpm_counter:status_advance_pointer_counter                                                                                                    ;
;                         |cntr_6rh:auto_generated                                                                                         ; 0.01 mW (0.01 mW)                    ; 0.01 mW (0.01 mW)               ; --                                ; 0.00 mW (0.00 mW)                 ; |SCOMP_System|sld_signaltap:auto_signaltap_0|sld_signaltap_impl:sld_signaltap_body|sld_signaltap_implb:sld_signaltap_body|sld_offload_buffer_mgr:\stp_non_zero_depth_offload_gen:stp_offload_buff_mgr_inst|lpm_counter:status_advance_pointer_counter|cntr_6rh:auto_generated                                                                            ;
;                     |lpm_shiftreg:status_data_shift_out                                                                                  ; 0.05 mW (0.05 mW)                    ; 0.05 mW (0.05 mW)               ; --                                ; 0.00 mW (0.00 mW)                 ; |SCOMP_System|sld_signaltap:auto_signaltap_0|sld_signaltap_impl:sld_signaltap_body|sld_signaltap_implb:sld_signaltap_body|sld_offload_buffer_mgr:\stp_non_zero_depth_offload_gen:stp_offload_buff_mgr_inst|lpm_shiftreg:status_data_shift_out                                                                                                            ;
;                     |lpm_counter:status_read_pointer_counter                                                                             ; 0.00 mW (0.00 mW)                    ; 0.00 mW (0.00 mW)               ; --                                ; 0.00 mW (0.00 mW)                 ; |SCOMP_System|sld_signaltap:auto_signaltap_0|sld_signaltap_impl:sld_signaltap_body|sld_signaltap_implb:sld_signaltap_body|sld_offload_buffer_mgr:\stp_non_zero_depth_offload_gen:stp_offload_buff_mgr_inst|lpm_counter:status_read_pointer_counter                                                                                                       ;
;                         |cntr_odi:auto_generated                                                                                         ; 0.00 mW (0.00 mW)                    ; 0.00 mW (0.00 mW)               ; --                                ; 0.00 mW (0.00 mW)                 ; |SCOMP_System|sld_signaltap:auto_signaltap_0|sld_signaltap_impl:sld_signaltap_body|sld_signaltap_implb:sld_signaltap_body|sld_offload_buffer_mgr:\stp_non_zero_depth_offload_gen:stp_offload_buff_mgr_inst|lpm_counter:status_read_pointer_counter|cntr_odi:auto_generated                                                                               ;
;                 |altdpram:\stp_non_zero_ram_gen:attribute_mem_gen:attribute_mem                                                          ; 0.06 mW (0.05 mW)                    ; 0.04 mW (0.03 mW)               ; --                                ; 0.02 mW (0.02 mW)                 ; |SCOMP_System|sld_signaltap:auto_signaltap_0|sld_signaltap_impl:sld_signaltap_body|sld_signaltap_implb:sld_signaltap_body|altdpram:\stp_non_zero_ram_gen:attribute_mem_gen:attribute_mem                                                                                                                                                                 ;
;                     |lpm_mux:mux                                                                                                         ; 0.01 mW (0.00 mW)                    ; 0.01 mW (0.00 mW)               ; --                                ; 0.00 mW (0.00 mW)                 ; |SCOMP_System|sld_signaltap:auto_signaltap_0|sld_signaltap_impl:sld_signaltap_body|sld_signaltap_implb:sld_signaltap_body|altdpram:\stp_non_zero_ram_gen:attribute_mem_gen:attribute_mem|lpm_mux:mux                                                                                                                                                     ;
;                         |mux_j7c:auto_generated                                                                                          ; 0.01 mW (0.01 mW)                    ; 0.01 mW (0.01 mW)               ; --                                ; 0.00 mW (0.00 mW)                 ; |SCOMP_System|sld_signaltap:auto_signaltap_0|sld_signaltap_impl:sld_signaltap_body|sld_signaltap_implb:sld_signaltap_body|altdpram:\stp_non_zero_ram_gen:attribute_mem_gen:attribute_mem|lpm_mux:mux|mux_j7c:auto_generated                                                                                                                              ;
;                     |lpm_decode:wdecoder                                                                                                 ; 0.00 mW (0.00 mW)                    ; 0.00 mW (0.00 mW)               ; --                                ; 0.00 mW (0.00 mW)                 ; |SCOMP_System|sld_signaltap:auto_signaltap_0|sld_signaltap_impl:sld_signaltap_body|sld_signaltap_implb:sld_signaltap_body|altdpram:\stp_non_zero_ram_gen:attribute_mem_gen:attribute_mem|lpm_decode:wdecoder                                                                                                                                             ;
;                         |decode_3af:auto_generated                                                                                       ; 0.00 mW (0.00 mW)                    ; 0.00 mW (0.00 mW)               ; --                                ; 0.00 mW (0.00 mW)                 ; |SCOMP_System|sld_signaltap:auto_signaltap_0|sld_signaltap_impl:sld_signaltap_body|sld_signaltap_implb:sld_signaltap_body|altdpram:\stp_non_zero_ram_gen:attribute_mem_gen:attribute_mem|lpm_decode:wdecoder|decode_3af:auto_generated                                                                                                                   ;
;                 |altsyncram:\stp_non_zero_ram_gen:stp_buffer_ram                                                                         ; 4.84 mW (0.00 mW)                    ; 4.76 mW (0.00 mW)               ; --                                ; 0.08 mW (0.00 mW)                 ; |SCOMP_System|sld_signaltap:auto_signaltap_0|sld_signaltap_impl:sld_signaltap_body|sld_signaltap_implb:sld_signaltap_body|altsyncram:\stp_non_zero_ram_gen:stp_buffer_ram                                                                                                                                                                                ;
;                     |altsyncram_kp14:auto_generated                                                                                      ; 4.84 mW (4.82 mW)                    ; 4.76 mW (4.75 mW)               ; --                                ; 0.08 mW (0.07 mW)                 ; |SCOMP_System|sld_signaltap:auto_signaltap_0|sld_signaltap_impl:sld_signaltap_body|sld_signaltap_implb:sld_signaltap_body|altsyncram:\stp_non_zero_ram_gen:stp_buffer_ram|altsyncram_kp14:auto_generated                                                                                                                                                 ;
;                         |decode_h7a:decode2                                                                                              ; 0.00 mW (0.00 mW)                    ; 0.00 mW (0.00 mW)               ; --                                ; 0.00 mW (0.00 mW)                 ; |SCOMP_System|sld_signaltap:auto_signaltap_0|sld_signaltap_impl:sld_signaltap_body|sld_signaltap_implb:sld_signaltap_body|altsyncram:\stp_non_zero_ram_gen:stp_buffer_ram|altsyncram_kp14:auto_generated|decode_h7a:decode2                                                                                                                              ;
;                         |mux_h3b:mux3                                                                                                    ; 0.02 mW (0.02 mW)                    ; 0.01 mW (0.01 mW)               ; --                                ; 0.01 mW (0.01 mW)                 ; |SCOMP_System|sld_signaltap:auto_signaltap_0|sld_signaltap_impl:sld_signaltap_body|sld_signaltap_implb:sld_signaltap_body|altsyncram:\stp_non_zero_ram_gen:stp_buffer_ram|altsyncram_kp14:auto_generated|mux_h3b:mux3                                                                                                                                    ;
;                 |serial_crc_16:\tdo_crc_gen:tdo_crc_calc                                                                                 ; 0.01 mW (0.01 mW)                    ; 0.01 mW (0.01 mW)               ; --                                ; 0.00 mW (0.00 mW)                 ; |SCOMP_System|sld_signaltap:auto_signaltap_0|sld_signaltap_impl:sld_signaltap_body|sld_signaltap_implb:sld_signaltap_body|serial_crc_16:\tdo_crc_gen:tdo_crc_calc                                                                                                                                                                                        ;
;                 |sld_rom_sr:crc_rom_sr                                                                                                   ; 0.01 mW (0.01 mW)                    ; 0.01 mW (0.01 mW)               ; --                                ; 0.00 mW (0.00 mW)                 ; |SCOMP_System|sld_signaltap:auto_signaltap_0|sld_signaltap_impl:sld_signaltap_body|sld_signaltap_implb:sld_signaltap_body|sld_rom_sr:crc_rom_sr                                                                                                                                                                                                          ;
;                 |sld_ela_control:ela_control                                                                                             ; 0.05 mW (0.00 mW)                    ; 0.04 mW (0.00 mW)               ; --                                ; 0.01 mW (0.00 mW)                 ; |SCOMP_System|sld_signaltap:auto_signaltap_0|sld_signaltap_impl:sld_signaltap_body|sld_signaltap_implb:sld_signaltap_body|sld_ela_control:ela_control                                                                                                                                                                                                    ;
;                     |sld_ela_basic_multi_level_trigger:\basic_multi_level_mbpm_trigger_gen:multi_level_mbpm                              ; 0.04 mW (0.00 mW)                    ; 0.03 mW (0.00 mW)               ; --                                ; 0.01 mW (0.00 mW)                 ; |SCOMP_System|sld_signaltap:auto_signaltap_0|sld_signaltap_impl:sld_signaltap_body|sld_signaltap_implb:sld_signaltap_body|sld_ela_control:ela_control|sld_ela_basic_multi_level_trigger:\basic_multi_level_mbpm_trigger_gen:multi_level_mbpm                                                                                                             ;
;                         |sld_mbpmg:\trigger_modules_gen:0:trigger_match                                                                  ; 0.00 mW (0.00 mW)                    ; 0.00 mW (0.00 mW)               ; --                                ; 0.00 mW (0.00 mW)                 ; |SCOMP_System|sld_signaltap:auto_signaltap_0|sld_signaltap_impl:sld_signaltap_body|sld_signaltap_implb:sld_signaltap_body|sld_ela_control:ela_control|sld_ela_basic_multi_level_trigger:\basic_multi_level_mbpm_trigger_gen:multi_level_mbpm|sld_mbpmg:\trigger_modules_gen:0:trigger_match                                                              ;
;                             |sld_sbpmg:\gen_sbpmg_pipeline_less_than_two:sm0:0:sm1                                                       ; 0.00 mW (0.00 mW)                    ; 0.00 mW (0.00 mW)               ; --                                ; 0.00 mW (0.00 mW)                 ; |SCOMP_System|sld_signaltap:auto_signaltap_0|sld_signaltap_impl:sld_signaltap_body|sld_signaltap_implb:sld_signaltap_body|sld_ela_control:ela_control|sld_ela_basic_multi_level_trigger:\basic_multi_level_mbpm_trigger_gen:multi_level_mbpm|sld_mbpmg:\trigger_modules_gen:0:trigger_match|sld_sbpmg:\gen_sbpmg_pipeline_less_than_two:sm0:0:sm1        ;
;                             |sld_sbpmg:\gen_sbpmg_pipeline_less_than_two:sm0:1:sm1                                                       ; 0.00 mW (0.00 mW)                    ; 0.00 mW (0.00 mW)               ; --                                ; 0.00 mW (0.00 mW)                 ; |SCOMP_System|sld_signaltap:auto_signaltap_0|sld_signaltap_impl:sld_signaltap_body|sld_signaltap_implb:sld_signaltap_body|sld_ela_control:ela_control|sld_ela_basic_multi_level_trigger:\basic_multi_level_mbpm_trigger_gen:multi_level_mbpm|sld_mbpmg:\trigger_modules_gen:0:trigger_match|sld_sbpmg:\gen_sbpmg_pipeline_less_than_two:sm0:1:sm1        ;
;                             |sld_sbpmg:\gen_sbpmg_pipeline_less_than_two:sm0:2:sm1                                                       ; 0.00 mW (0.00 mW)                    ; 0.00 mW (0.00 mW)               ; --                                ; 0.00 mW (0.00 mW)                 ; |SCOMP_System|sld_signaltap:auto_signaltap_0|sld_signaltap_impl:sld_signaltap_body|sld_signaltap_implb:sld_signaltap_body|sld_ela_control:ela_control|sld_ela_basic_multi_level_trigger:\basic_multi_level_mbpm_trigger_gen:multi_level_mbpm|sld_mbpmg:\trigger_modules_gen:0:trigger_match|sld_sbpmg:\gen_sbpmg_pipeline_less_than_two:sm0:2:sm1        ;
;                             |sld_sbpmg:\gen_sbpmg_pipeline_less_than_two:sm0:3:sm1                                                       ; 0.00 mW (0.00 mW)                    ; 0.00 mW (0.00 mW)               ; --                                ; 0.00 mW (0.00 mW)                 ; |SCOMP_System|sld_signaltap:auto_signaltap_0|sld_signaltap_impl:sld_signaltap_body|sld_signaltap_implb:sld_signaltap_body|sld_ela_control:ela_control|sld_ela_basic_multi_level_trigger:\basic_multi_level_mbpm_trigger_gen:multi_level_mbpm|sld_mbpmg:\trigger_modules_gen:0:trigger_match|sld_sbpmg:\gen_sbpmg_pipeline_less_than_two:sm0:3:sm1        ;
;                             |sld_sbpmg:\gen_sbpmg_pipeline_less_than_two:sm0:4:sm1                                                       ; 0.00 mW (0.00 mW)                    ; 0.00 mW (0.00 mW)               ; --                                ; 0.00 mW (0.00 mW)                 ; |SCOMP_System|sld_signaltap:auto_signaltap_0|sld_signaltap_impl:sld_signaltap_body|sld_signaltap_implb:sld_signaltap_body|sld_ela_control:ela_control|sld_ela_basic_multi_level_trigger:\basic_multi_level_mbpm_trigger_gen:multi_level_mbpm|sld_mbpmg:\trigger_modules_gen:0:trigger_match|sld_sbpmg:\gen_sbpmg_pipeline_less_than_two:sm0:4:sm1        ;
;                             |sld_sbpmg:\gen_sbpmg_pipeline_less_than_two:sm0:5:sm1                                                       ; 0.00 mW (0.00 mW)                    ; 0.00 mW (0.00 mW)               ; --                                ; 0.00 mW (0.00 mW)                 ; |SCOMP_System|sld_signaltap:auto_signaltap_0|sld_signaltap_impl:sld_signaltap_body|sld_signaltap_implb:sld_signaltap_body|sld_ela_control:ela_control|sld_ela_basic_multi_level_trigger:\basic_multi_level_mbpm_trigger_gen:multi_level_mbpm|sld_mbpmg:\trigger_modules_gen:0:trigger_match|sld_sbpmg:\gen_sbpmg_pipeline_less_than_two:sm0:5:sm1        ;
;                             |sld_sbpmg:\gen_sbpmg_pipeline_less_than_two:sm0:6:sm1                                                       ; 0.00 mW (0.00 mW)                    ; 0.00 mW (0.00 mW)               ; --                                ; 0.00 mW (0.00 mW)                 ; |SCOMP_System|sld_signaltap:auto_signaltap_0|sld_signaltap_impl:sld_signaltap_body|sld_signaltap_implb:sld_signaltap_body|sld_ela_control:ela_control|sld_ela_basic_multi_level_trigger:\basic_multi_level_mbpm_trigger_gen:multi_level_mbpm|sld_mbpmg:\trigger_modules_gen:0:trigger_match|sld_sbpmg:\gen_sbpmg_pipeline_less_than_two:sm0:6:sm1        ;
;                             |sld_sbpmg:\gen_sbpmg_pipeline_less_than_two:sm0:7:sm1                                                       ; 0.00 mW (0.00 mW)                    ; 0.00 mW (0.00 mW)               ; --                                ; 0.00 mW (0.00 mW)                 ; |SCOMP_System|sld_signaltap:auto_signaltap_0|sld_signaltap_impl:sld_signaltap_body|sld_signaltap_implb:sld_signaltap_body|sld_ela_control:ela_control|sld_ela_basic_multi_level_trigger:\basic_multi_level_mbpm_trigger_gen:multi_level_mbpm|sld_mbpmg:\trigger_modules_gen:0:trigger_match|sld_sbpmg:\gen_sbpmg_pipeline_less_than_two:sm0:7:sm1        ;
;                             |sld_sbpmg:\gen_sbpmg_pipeline_less_than_two:sm0:8:sm1                                                       ; 0.00 mW (0.00 mW)                    ; 0.00 mW (0.00 mW)               ; --                                ; 0.00 mW (0.00 mW)                 ; |SCOMP_System|sld_signaltap:auto_signaltap_0|sld_signaltap_impl:sld_signaltap_body|sld_signaltap_implb:sld_signaltap_body|sld_ela_control:ela_control|sld_ela_basic_multi_level_trigger:\basic_multi_level_mbpm_trigger_gen:multi_level_mbpm|sld_mbpmg:\trigger_modules_gen:0:trigger_match|sld_sbpmg:\gen_sbpmg_pipeline_less_than_two:sm0:8:sm1        ;
;                             |sld_sbpmg:\gen_sbpmg_pipeline_less_than_two:sm0:9:sm1                                                       ; 0.00 mW (0.00 mW)                    ; 0.00 mW (0.00 mW)               ; --                                ; 0.00 mW (0.00 mW)                 ; |SCOMP_System|sld_signaltap:auto_signaltap_0|sld_signaltap_impl:sld_signaltap_body|sld_signaltap_implb:sld_signaltap_body|sld_ela_control:ela_control|sld_ela_basic_multi_level_trigger:\basic_multi_level_mbpm_trigger_gen:multi_level_mbpm|sld_mbpmg:\trigger_modules_gen:0:trigger_match|sld_sbpmg:\gen_sbpmg_pipeline_less_than_two:sm0:9:sm1        ;
;                             |sld_sbpmg:\gen_sbpmg_pipeline_less_than_two:sm0:10:sm1                                                      ; 0.00 mW (0.00 mW)                    ; 0.00 mW (0.00 mW)               ; --                                ; 0.00 mW (0.00 mW)                 ; |SCOMP_System|sld_signaltap:auto_signaltap_0|sld_signaltap_impl:sld_signaltap_body|sld_signaltap_implb:sld_signaltap_body|sld_ela_control:ela_control|sld_ela_basic_multi_level_trigger:\basic_multi_level_mbpm_trigger_gen:multi_level_mbpm|sld_mbpmg:\trigger_modules_gen:0:trigger_match|sld_sbpmg:\gen_sbpmg_pipeline_less_than_two:sm0:10:sm1       ;
;                             |sld_sbpmg:\gen_sbpmg_pipeline_less_than_two:sm0:11:sm1                                                      ; 0.00 mW (0.00 mW)                    ; 0.00 mW (0.00 mW)               ; --                                ; 0.00 mW (0.00 mW)                 ; |SCOMP_System|sld_signaltap:auto_signaltap_0|sld_signaltap_impl:sld_signaltap_body|sld_signaltap_implb:sld_signaltap_body|sld_ela_control:ela_control|sld_ela_basic_multi_level_trigger:\basic_multi_level_mbpm_trigger_gen:multi_level_mbpm|sld_mbpmg:\trigger_modules_gen:0:trigger_match|sld_sbpmg:\gen_sbpmg_pipeline_less_than_two:sm0:11:sm1       ;
;                             |sld_sbpmg:\gen_sbpmg_pipeline_less_than_two:sm0:12:sm1                                                      ; 0.00 mW (0.00 mW)                    ; 0.00 mW (0.00 mW)               ; --                                ; 0.00 mW (0.00 mW)                 ; |SCOMP_System|sld_signaltap:auto_signaltap_0|sld_signaltap_impl:sld_signaltap_body|sld_signaltap_implb:sld_signaltap_body|sld_ela_control:ela_control|sld_ela_basic_multi_level_trigger:\basic_multi_level_mbpm_trigger_gen:multi_level_mbpm|sld_mbpmg:\trigger_modules_gen:0:trigger_match|sld_sbpmg:\gen_sbpmg_pipeline_less_than_two:sm0:12:sm1       ;
;                             |sld_sbpmg:\gen_sbpmg_pipeline_less_than_two:sm0:13:sm1                                                      ; 0.00 mW (0.00 mW)                    ; 0.00 mW (0.00 mW)               ; --                                ; 0.00 mW (0.00 mW)                 ; |SCOMP_System|sld_signaltap:auto_signaltap_0|sld_signaltap_impl:sld_signaltap_body|sld_signaltap_implb:sld_signaltap_body|sld_ela_control:ela_control|sld_ela_basic_multi_level_trigger:\basic_multi_level_mbpm_trigger_gen:multi_level_mbpm|sld_mbpmg:\trigger_modules_gen:0:trigger_match|sld_sbpmg:\gen_sbpmg_pipeline_less_than_two:sm0:13:sm1       ;
;                             |sld_sbpmg:\gen_sbpmg_pipeline_less_than_two:sm0:14:sm1                                                      ; 0.00 mW (0.00 mW)                    ; 0.00 mW (0.00 mW)               ; --                                ; 0.00 mW (0.00 mW)                 ; |SCOMP_System|sld_signaltap:auto_signaltap_0|sld_signaltap_impl:sld_signaltap_body|sld_signaltap_implb:sld_signaltap_body|sld_ela_control:ela_control|sld_ela_basic_multi_level_trigger:\basic_multi_level_mbpm_trigger_gen:multi_level_mbpm|sld_mbpmg:\trigger_modules_gen:0:trigger_match|sld_sbpmg:\gen_sbpmg_pipeline_less_than_two:sm0:14:sm1       ;
;                         |lpm_shiftreg:trigger_condition_deserialize                                                                      ; 0.04 mW (0.04 mW)                    ; 0.03 mW (0.03 mW)               ; --                                ; 0.01 mW (0.01 mW)                 ; |SCOMP_System|sld_signaltap:auto_signaltap_0|sld_signaltap_impl:sld_signaltap_body|sld_signaltap_implb:sld_signaltap_body|sld_ela_control:ela_control|sld_ela_basic_multi_level_trigger:\basic_multi_level_mbpm_trigger_gen:multi_level_mbpm|lpm_shiftreg:trigger_condition_deserialize                                                                  ;
;                     |sld_ela_trigger_flow_mgr:\builtin:ela_trigger_flow_mgr_entity                                                       ; 0.01 mW (0.00 mW)                    ; 0.01 mW (0.00 mW)               ; --                                ; 0.00 mW (0.00 mW)                 ; |SCOMP_System|sld_signaltap:auto_signaltap_0|sld_signaltap_impl:sld_signaltap_body|sld_signaltap_implb:sld_signaltap_body|sld_ela_control:ela_control|sld_ela_trigger_flow_mgr:\builtin:ela_trigger_flow_mgr_entity                                                                                                                                      ;
;                         |lpm_shiftreg:trigger_config_deserialize                                                                         ; 0.01 mW (0.01 mW)                    ; 0.00 mW (0.00 mW)               ; --                                ; 0.00 mW (0.00 mW)                 ; |SCOMP_System|sld_signaltap:auto_signaltap_0|sld_signaltap_impl:sld_signaltap_body|sld_signaltap_implb:sld_signaltap_body|sld_ela_control:ela_control|sld_ela_trigger_flow_mgr:\builtin:ela_trigger_flow_mgr_entity|lpm_shiftreg:trigger_config_deserialize                                                                                              ;
;                     |lpm_shiftreg:trigger_config_deserialize                                                                             ; 0.00 mW (0.00 mW)                    ; 0.00 mW (0.00 mW)               ; --                                ; 0.00 mW (0.00 mW)                 ; |SCOMP_System|sld_signaltap:auto_signaltap_0|sld_signaltap_impl:sld_signaltap_body|sld_signaltap_implb:sld_signaltap_body|sld_ela_control:ela_control|lpm_shiftreg:trigger_config_deserialize                                                                                                                                                            ;
;                 |lpm_shiftreg:segment_offset_config_deserialize                                                                          ; 0.01 mW (0.01 mW)                    ; 0.01 mW (0.01 mW)               ; --                                ; 0.00 mW (0.00 mW)                 ; |SCOMP_System|sld_signaltap:auto_signaltap_0|sld_signaltap_impl:sld_signaltap_body|sld_signaltap_implb:sld_signaltap_body|lpm_shiftreg:segment_offset_config_deserialize                                                                                                                                                                                 ;
;                 |sld_buffer_manager:sld_buffer_manager_inst                                                                              ; 0.04 mW (0.04 mW)                    ; 0.03 mW (0.03 mW)               ; --                                ; 0.01 mW (0.01 mW)                 ; |SCOMP_System|sld_signaltap:auto_signaltap_0|sld_signaltap_impl:sld_signaltap_body|sld_signaltap_implb:sld_signaltap_body|sld_buffer_manager:sld_buffer_manager_inst                                                                                                                                                                                     ;
;                 |lpm_shiftreg:status_register                                                                                            ; 0.01 mW (0.01 mW)                    ; 0.01 mW (0.01 mW)               ; --                                ; 0.00 mW (0.00 mW)                 ; |SCOMP_System|sld_signaltap:auto_signaltap_0|sld_signaltap_impl:sld_signaltap_body|sld_signaltap_implb:sld_signaltap_body|lpm_shiftreg:status_register                                                                                                                                                                                                   ;
;     |SCOMP:inst                                                                                                                          ; 0.00 mW (0.00 mW)                    ; 0.00 mW (0.00 mW)               ; --                                ; 0.00 mW (0.00 mW)                 ; |SCOMP_System|SCOMP:inst                                                                                                                                                                                                                                                                                                                                 ;
;         |altsyncram:altsyncram_component                                                                                                 ; 0.00 mW (0.00 mW)                    ; 0.00 mW (0.00 mW)               ; --                                ; 0.00 mW (0.00 mW)                 ; |SCOMP_System|SCOMP:inst|altsyncram:altsyncram_component                                                                                                                                                                                                                                                                                                 ;
;             |altsyncram_2ur3:auto_generated                                                                                              ; 0.00 mW (0.00 mW)                    ; 0.00 mW (0.00 mW)               ; --                                ; 0.00 mW (0.00 mW)                 ; |SCOMP_System|SCOMP:inst|altsyncram:altsyncram_component|altsyncram_2ur3:auto_generated                                                                                                                                                                                                                                                                  ;
;         |lpm_bustri:io_bus                                                                                                               ; 0.00 mW (0.00 mW)                    ; 0.00 mW (0.00 mW)               ; --                                ; 0.00 mW (0.00 mW)                 ; |SCOMP_System|SCOMP:inst|lpm_bustri:io_bus                                                                                                                                                                                                                                                                                                               ;
;         |lpm_clshift:shifter                                                                                                             ; 0.00 mW (0.00 mW)                    ; 0.00 mW (0.00 mW)               ; --                                ; 0.00 mW (0.00 mW)                 ; |SCOMP_System|SCOMP:inst|lpm_clshift:shifter                                                                                                                                                                                                                                                                                                             ;
;             |lpm_clshift_fuc:auto_generated                                                                                              ; 0.00 mW (0.00 mW)                    ; 0.00 mW (0.00 mW)               ; --                                ; 0.00 mW (0.00 mW)                 ; |SCOMP_System|SCOMP:inst|lpm_clshift:shifter|lpm_clshift_fuc:auto_generated                                                                                                                                                                                                                                                                              ;
;     |PLL_main:inst1                                                                                                                      ; 0.00 mW (0.00 mW)                    ; 0.00 mW (0.00 mW)               ; --                                ; 0.00 mW (0.00 mW)                 ; |SCOMP_System|PLL_main:inst1                                                                                                                                                                                                                                                                                                                             ;
;         |altpll:altpll_component                                                                                                         ; 0.00 mW (0.00 mW)                    ; 0.00 mW (0.00 mW)               ; --                                ; 0.00 mW (0.00 mW)                 ; |SCOMP_System|PLL_main:inst1|altpll:altpll_component                                                                                                                                                                                                                                                                                                     ;
;             |PLL_main_altpll:auto_generated                                                                                              ; 0.00 mW (0.00 mW)                    ; 0.00 mW (0.00 mW)               ; --                                ; 0.00 mW (0.00 mW)                 ; |SCOMP_System|PLL_main:inst1|altpll:altpll_component|PLL_main_altpll:auto_generated                                                                                                                                                                                                                                                                      ;
;     |IO_DECODER:inst3                                                                                                                    ; 0.00 mW (0.00 mW)                    ; 0.00 mW (0.00 mW)               ; --                                ; 0.00 mW (0.00 mW)                 ; |SCOMP_System|IO_DECODER:inst3                                                                                                                                                                                                                                                                                                                           ;
;     |TIMER:inst4                                                                                                                         ; 0.00 mW (0.00 mW)                    ; 0.00 mW (0.00 mW)               ; --                                ; 0.00 mW (0.00 mW)                 ; |SCOMP_System|TIMER:inst4                                                                                                                                                                                                                                                                                                                                ;
;     |clk_div:inst5                                                                                                                       ; 0.00 mW (0.00 mW)                    ; 0.00 mW (0.00 mW)               ; --                                ; 0.00 mW (0.00 mW)                 ; |SCOMP_System|clk_div:inst5                                                                                                                                                                                                                                                                                                                              ;
;     |DIG_OUT:inst6                                                                                                                       ; 0.00 mW (0.00 mW)                    ; 0.00 mW (0.00 mW)               ; --                                ; 0.00 mW (0.00 mW)                 ; |SCOMP_System|DIG_OUT:inst6                                                                                                                                                                                                                                                                                                                              ;
;     |DIG_IN:inst7                                                                                                                        ; 0.00 mW (0.00 mW)                    ; 0.00 mW (0.00 mW)               ; --                                ; 0.00 mW (0.00 mW)                 ; |SCOMP_System|DIG_IN:inst7                                                                                                                                                                                                                                                                                                                               ;
;     |HEX_DISP_6:inst9                                                                                                                    ; 0.00 mW (0.00 mW)                    ; 0.00 mW (0.00 mW)               ; --                                ; 0.00 mW (0.00 mW)                 ; |SCOMP_System|HEX_DISP_6:inst9                                                                                                                                                                                                                                                                                                                           ;
;         |HEX_DISP:inst1                                                                                                                  ; 0.00 mW (0.00 mW)                    ; 0.00 mW (0.00 mW)               ; --                                ; 0.00 mW (0.00 mW)                 ; |SCOMP_System|HEX_DISP_6:inst9|HEX_DISP:inst1                                                                                                                                                                                                                                                                                                            ;
;         |HEX_DISP:inst2                                                                                                                  ; 0.00 mW (0.00 mW)                    ; 0.00 mW (0.00 mW)               ; --                                ; 0.00 mW (0.00 mW)                 ; |SCOMP_System|HEX_DISP_6:inst9|HEX_DISP:inst2                                                                                                                                                                                                                                                                                                            ;
;         |HEX_DISP:inst3                                                                                                                  ; 0.00 mW (0.00 mW)                    ; 0.00 mW (0.00 mW)               ; --                                ; 0.00 mW (0.00 mW)                 ; |SCOMP_System|HEX_DISP_6:inst9|HEX_DISP:inst3                                                                                                                                                                                                                                                                                                            ;
;         |HEX_DISP:inst4                                                                                                                  ; 0.00 mW (0.00 mW)                    ; 0.00 mW (0.00 mW)               ; --                                ; 0.00 mW (0.00 mW)                 ; |SCOMP_System|HEX_DISP_6:inst9|HEX_DISP:inst4                                                                                                                                                                                                                                                                                                            ;
;         |HEX_DISP:inst5                                                                                                                  ; 0.00 mW (0.00 mW)                    ; 0.00 mW (0.00 mW)               ; --                                ; 0.00 mW (0.00 mW)                 ; |SCOMP_System|HEX_DISP_6:inst9|HEX_DISP:inst5                                                                                                                                                                                                                                                                                                            ;
;         |HEX_DISP:inst6                                                                                                                  ; 0.00 mW (0.00 mW)                    ; 0.00 mW (0.00 mW)               ; --                                ; 0.00 mW (0.00 mW)                 ; |SCOMP_System|HEX_DISP_6:inst9|HEX_DISP:inst6                                                                                                                                                                                                                                                                                                            ;
;     |DPs:inst10                                                                                                                          ; 0.00 mW (0.00 mW)                    ; 0.00 mW (0.00 mW)               ; --                                ; 0.00 mW (0.00 mW)                 ; |SCOMP_System|DPs:inst10                                                                                                                                                                                                                                                                                                                                 ;
;     |I2C_INTERFACE:inst13                                                                                                                ; 0.00 mW (0.00 mW)                    ; 0.00 mW (0.00 mW)               ; --                                ; 0.00 mW (0.00 mW)                 ; |SCOMP_System|I2C_INTERFACE:inst13                                                                                                                                                                                                                                                                                                                       ;
;         |i2c_master:inst                                                                                                                 ; 0.00 mW (0.00 mW)                    ; 0.00 mW (0.00 mW)               ; --                                ; 0.00 mW (0.00 mW)                 ; |SCOMP_System|I2C_INTERFACE:inst13|i2c_master:inst                                                                                                                                                                                                                                                                                                       ;
;         |i2c_ctrl:inst14                                                                                                                 ; 0.00 mW (0.00 mW)                    ; 0.00 mW (0.00 mW)               ; --                                ; 0.00 mW (0.00 mW)                 ; |SCOMP_System|I2C_INTERFACE:inst13|i2c_ctrl:inst14                                                                                                                                                                                                                                                                                                       ;
;     |Wave_Gen:inst14                                                                                                                     ; 0.00 mW (0.00 mW)                    ; 0.00 mW (0.00 mW)               ; --                                ; 0.00 mW (0.00 mW)                 ; |SCOMP_System|Wave_Gen:inst14                                                                                                                                                                                                                                                                                                                            ;
;     |Keys_IN:inst15                                                                                                                      ; 0.00 mW (0.00 mW)                    ; 0.00 mW (0.00 mW)               ; --                                ; 0.00 mW (0.00 mW)                 ; |SCOMP_System|Keys_IN:inst15                                                                                                                                                                                                                                                                                                                             ;
;         |lpm_bustri:IO_BUS                                                                                                               ; 0.00 mW (0.00 mW)                    ; 0.00 mW (0.00 mW)               ; --                                ; 0.00 mW (0.00 mW)                 ; |SCOMP_System|Keys_IN:inst15|lpm_bustri:IO_BUS                                                                                                                                                                                                                                                                                                           ;
+------------------------------------------------------------------------------------------------------------------------------------------+--------------------------------------+---------------------------------+-----------------------------------+-----------------------------------+----------------------------------------------------------------------------------------------------------------------------------------------------------------------------------------------------------------------------------------------------------------------------------------------------------------------------------------------------------+
(1) Value in parentheses is the power consumed at that level of hierarchy. Value not in parentheses is the power consumed at that level of hierarchy plus the power consumed by all levels of hierarchy below it.

(2) The "Block Thermal Static Power" for all levels of hierarchy except the top-level hierarchy is part of the "Core Static Thermal Power Dissipation" value found on the PowerPlay Power Analyzer-->Summary report panel. The "Core Static Thermal Power Dissipation" also contains the thermal static power dissipated by the routing.


+------------------------------------------------------------------------+
; Core Dynamic Thermal Power Dissipation by Clock Domain                 ;
+---------------------+-----------------------+--------------------------+
; Clock Domain        ; Clock Frequency (MHz) ; Total Core Dynamic Power ;
+---------------------+-----------------------+--------------------------+
; altera_reserved_tck ; 10.00                 ; 9.11                     ;
; No clock domain     ; 0.00                  ; 0.02                     ;
+---------------------+-----------------------+--------------------------+


+------------------------------------------------------------------------------------------------------------------------------------+
; Current Drawn from Voltage Supplies Summary                                                                                        ;
+----------------+-------------------------+---------------------------+--------------------------+----------------------------------+
; Voltage Supply ; Total Current Drawn (1) ; Dynamic Current Drawn (1) ; Static Current Drawn (1) ; Minimum Power Supply Current (2) ;
+----------------+-------------------------+---------------------------+--------------------------+----------------------------------+
; VCC            ; 19.65 mA                ; 7.61 mA                   ; 12.04 mA                 ; 19.65 mA                         ;
; VCCIO          ; 23.57 mA                ; 0.09 mA                   ; 23.48 mA                 ; 23.57 mA                         ;
; VCCA           ; 28.03 mA                ; 0.00 mA                   ; 28.03 mA                 ; 28.03 mA                         ;
; VCCD_PLL       ; 9.79 mA                 ; 0.00 mA                   ; 9.79 mA                  ; 9.79 mA                          ;
; VCCINT         ; 0.21 mA                 ; 0.00 mA                   ; 0.21 mA                  ; 0.21 mA                          ;
; VCCA_ADC       ; 0.00 mA                 ; 0.00 mA                   ; 0.00 mA                  ; 0.00 mA                          ;
+----------------+-------------------------+---------------------------+--------------------------+----------------------------------+
(1) Currents reported in columns "Total Current Drawn", "Dynamic Current Drawn", and "Static Current Drawn" are sufficient for user operation of the device.  
(2) Currents reported in column "Minimum Power Supply Current" are sufficient for power-up, configuration, and user operation of the device.


+-----------------------------------------------------------------------------------------------+
; VCCIO Supply Current Drawn by I/O Bank                                                        ;
+----------+---------------+---------------------+-----------------------+----------------------+
; I/O Bank ; VCCIO Voltage ; Total Current Drawn ; Dynamic Current Drawn ; Static Current Drawn ;
+----------+---------------+---------------------+-----------------------+----------------------+
; 1A       ; 3.3V          ; 2.45 mA             ; 0.00 mA               ; 2.45 mA              ;
; 1B       ; 3.3V          ; 2.61 mA             ; 0.09 mA               ; 2.52 mA              ;
; 2        ; 3.3V          ; 2.45 mA             ; 0.00 mA               ; 2.45 mA              ;
; 3        ; 3.3V          ; 2.47 mA             ; 0.00 mA               ; 2.47 mA              ;
; 4        ; 3.3V          ; 2.55 mA             ; 0.00 mA               ; 2.55 mA              ;
; 5        ; 3.3V          ; 2.45 mA             ; 0.00 mA               ; 2.45 mA              ;
; 6        ; 3.3V          ; 2.97 mA             ; 0.00 mA               ; 2.97 mA              ;
; 7        ; 3.3V          ; 3.12 mA             ; 0.00 mA               ; 3.12 mA              ;
; 8        ; 3.3V          ; 2.51 mA             ; 0.00 mA               ; 2.51 mA              ;
+----------+---------------+---------------------+-----------------------+----------------------+


+-----------------------------------------------------------------------------------------------------------------------------------+
; VCCIO Supply Current Drawn by Voltage                                                                                             ;
+---------------+-------------------------+---------------------------+--------------------------+----------------------------------+
; VCCIO Voltage ; Total Current Drawn (1) ; Dynamic Current Drawn (1) ; Static Current Drawn (1) ; Minimum Power Supply Current (2) ;
+---------------+-------------------------+---------------------------+--------------------------+----------------------------------+
; 3.3V          ; 23.57 mA                ; 0.09 mA                   ; 23.48 mA                 ; 23.57 mA                         ;
+---------------+-------------------------+---------------------------+--------------------------+----------------------------------+
(1) Currents reported in columns "Total Current Drawn", "Dynamic Current Drawn", and "Static Current Drawn" are sufficient for user operation of the device.  
(2) Currents reported in column "Minimum Power Supply Current" are sufficient for power-up, configuration, and user operation of the device.


+----------------------------------------------------------------------------------------------------------------------------------------------------+
; Confidence Metric Details                                                                                                                          ;
+----------------------------------------------------------------------------------------+--------------+------------+---------------+---------------+
; Data Source                                                                            ; Total        ; Pin        ; Registered    ; Combinational ;
+----------------------------------------------------------------------------------------+--------------+------------+---------------+---------------+
; Simulation (from file)                                                                 ;              ;            ;               ;               ;
;     -- Number of signals with Toggle Rate from Simulation                              ; 0 (0.0%)     ; 0 (0.0%)   ; 0 (0.0%)      ; 0 (0.0%)      ;
;     -- Number of signals with Static Probability from Simulation                       ; 0 (0.0%)     ; 0 (0.0%)   ; 0 (0.0%)      ; 0 (0.0%)      ;
;                                                                                        ;              ;            ;               ;               ;
; Node, entity or clock assignment                                                       ;              ;            ;               ;               ;
;     -- Number of signals with Toggle Rate from Node, entity or clock assignment        ; 3 (0.1%)     ; 1 (1.2%)   ; 0 (0.0%)      ; 2 (0.1%)      ;
;     -- Number of signals with Static Probability from Node, entity or clock assignment ; 21 (0.6%)    ; 1 (1.2%)   ; 0 (0.0%)      ; 20 (0.9%)     ;
;                                                                                        ;              ;            ;               ;               ;
; Vectorless estimation                                                                  ;              ;            ;               ;               ;
;     -- Number of signals with Toggle Rate from Vectorless estimation                   ; 3618 (99.3%) ; 65 (75.6%) ; 1205 (100.0%) ; 2348 (99.9%)  ;
;     -- Number of signals with Zero toggle rate, from Vectorless estimation             ; 37 (1.0%)    ; 2 (2.3%)   ; 2 (0.2%)      ; 33 (1.4%)     ;
;     -- Number of signals with Static Probability from Vectorless estimation            ; 3600 (98.8%) ; 65 (75.6%) ; 1205 (100.0%) ; 2330 (99.1%)  ;
;                                                                                        ;              ;            ;               ;               ;
; Default assignment                                                                     ;              ;            ;               ;               ;
;     -- Number of signals with Toggle Rate from Default assignment                      ; 2 (0.1%)     ; 2 (2.3%)   ; 0 (0.0%)      ; 0 (0.0%)      ;
;     -- Number of signals with Static Probability from Default assignment               ; 21 (0.6%)    ; 20 (23.3%) ; 0 (0.0%)      ; 1 (0.0%)      ;
;                                                                                        ;              ;            ;               ;               ;
; Assumed 0                                                                              ;              ;            ;               ;               ;
;     -- Number of signals with Toggle Rate assumed 0                                    ; 19 (0.5%)    ; 18 (20.9%) ; 0 (0.0%)      ; 1 (0.0%)      ;
+----------------------------------------------------------------------------------------+--------------+------------+---------------+---------------+


+---------------------------------------------------------------------------------------------------------------------------------------------+
; Signal Activities                                                                                                                           ;
+--------+------+---------------------------------------------+-------------------------+--------------------+--------------------------------+
; Signal ; Type ; Toggle Rate (millions of transitions / sec) ; Toggle Rate Data Source ; Static Probability ; Static Probability Data Source ;
+--------+------+---------------------------------------------+-------------------------+--------------------+--------------------------------+
(1) The "Signal Activity" Table has been hidden. To show this table, please select the "Write signal activities to report file" option under "PowerPlay Power Analyzer Settings".


+-------------------------+
; Power Analyzer Messages ;
+-------------------------+
Info: *******************************************************************
Info: Running Quartus Prime Power Analyzer
    Info: Version 19.1.0 Build 670 09/22/2019 SJ Lite Edition
    Info: Processing started: Mon Nov 16 13:43:14 2020
Info: Command: quartus_pow --read_settings_files=on --write_settings_files=off SCOMP -c SCOMP
Info (21077): Low junction temperature is 0 degrees C
Info (21077): High junction temperature is 85 degrees C
Warning (335093): The Timing Analyzer is analyzing 4 combinational loops as latches. For more details, run the Check Timing command in the Timing Analyzer or view the "User-Specified and Inferred Latches" table in the Analysis & Synthesis report.
Info (332164): Evaluating HDL-embedded SDC commands
    Info (332165): Entity sld_hub
        Info (332166): create_clock -name altera_reserved_tck [get_ports {altera_reserved_tck}] -period 10MHz   
        Info (332166): set_clock_groups -asynchronous -group {altera_reserved_tck}
Info (332104): Reading SDC File: 'SCOMP.sdc'
Warning (332060): Node: clk_div:inst5|clock_10Hz was determined to be a clock but was found without an associated clock assignment.
    Info (13166): Register TIMER:inst4|COUNT[5] is being clocked by clk_div:inst5|clock_10Hz
Warning (332060): Node: clock_50 was determined to be a clock but was found without an associated clock assignment.
    Info (13166): Register SCOMP:inst|IO_WRITE_int is being clocked by clock_50
Warning (332060): Node: clk_div:inst5|clock_100kHz was determined to be a clock but was found without an associated clock assignment.
    Info (13166): Register I2C_INTERFACE:inst13|i2c_ctrl:inst14|data_out[7] is being clocked by clk_div:inst5|clock_100kHz
Warning (332060): Node: SCOMP:inst|IO_CYCLE was determined to be a clock but was found without an associated clock assignment.
    Info (13166): Register I2C_INTERFACE:inst13|i2c_ctrl:inst14|cmd_in[5] is being clocked by SCOMP:inst|IO_CYCLE
Warning (332060): Node: I2C_INTERFACE:inst13|i2c_master:inst|data_clk was determined to be a clock but was found without an associated clock assignment.
    Info (13166): Register I2C_INTERFACE:inst13|i2c_master:inst|data_rd[4] is being clocked by I2C_INTERFACE:inst13|i2c_master:inst|data_clk
Warning (332060): Node: clk_div:inst5|clock_4Hz was determined to be a clock but was found without an associated clock assignment.
    Info (13166): Register Wave_Gen:inst14|Finished[0]~_emulated is being clocked by clk_div:inst5|clock_4Hz
Warning (332060): Node: clk_div:inst5|clock_1MHz was determined to be a clock but was found without an associated clock assignment.
    Info (13166): Register Wave_Gen:inst14|Count[13] is being clocked by clk_div:inst5|clock_1MHz
Warning (332060): Node: clk_div:inst5|clock_10kHz was determined to be a clock but was found without an associated clock assignment.
    Info (13166): Register sld_signaltap:auto_signaltap_0|sld_signaltap_impl:sld_signaltap_body|sld_signaltap_implb:sld_signaltap_body|sld_buffer_manager:sld_buffer_manager_inst|last_buffer_write_address_sig[1] is being clocked by clk_div:inst5|clock_10kHz
Info (332097): The following timing edges are non-unate.  The Timing Analyzer will assume pos-unate behavior for these edges in the clock network.
    Info (332098): Cell: altera_internal_jtag  from: tck  to: tckutap
Warning (332056): PLL cross checking found inconsistent PLL clock settings:
    Warning (332056): Node: inst1|altpll_component|auto_generated|pll1|clk[0] was found missing 1 generated clock that corresponds to a base clock with a period of: 20.000
Critical Warning (332168): The following clock transfers have no clock uncertainty assignment. For more accurate results, apply clock uncertainty assignments or use the derive_clock_uncertainty command.
    Critical Warning (332169): From altera_reserved_tck (Rise) to altera_reserved_tck (Rise) (setup and hold)
    Critical Warning (332169): From altera_reserved_tck (Rise) to altera_reserved_tck (Fall) (setup and hold)
Info (223000): Starting Vectorless Power Activity Estimation
Warning (222013): Relative toggle rates could not be calculated because no clock domain could be identified for some nodes
Info (223001): Completed Vectorless Power Activity Estimation
Info (218000): Using Advanced I/O Power to simulate I/O buffers with the specified board trace model
Info (334003): Started post-fitting delay annotation
Info (334004): Delay annotation completed successfully
Info (215049): Average toggle rate for this design is 0.409 millions of transitions / sec
Info (215031): Total thermal power estimate for the design is 182.64 mW
Info: Quartus Prime Power Analyzer was successful. 0 errors, 15 warnings
    Info: Peak virtual memory: 4890 megabytes
    Info: Processing ended: Mon Nov 16 13:43:30 2020
    Info: Elapsed time: 00:00:16
    Info: Total CPU time (on all processors): 00:00:15


